# JRE version: OpenJDK Runtime Environment (11.0.3+12) (build 11.0.3+12-b304.10)
# Java VM: OpenJDK 64-Bit Server VM (11.0.3+12-b304.10, mixed mode, tiered, compressed oops, g1 gc, linux-amd64)
Heap:
 garbage-first heap   total 307200K, used 77396K [0x0000000707600000, 0x0000000800000000)
  region size 1024K, 71 young (72704K), 22 survivors (22528K)
 Metaspace       used 58707K, capacity 60172K, committed 60208K, reserved 1101824K
  class space    used 7696K, capacity 8307K, committed 8320K, reserved 1048576K
GC Heap History (10 events):
Event: 1.467 GC heap before
{Heap before GC invocations=2 (full 0):
 garbage-first heap   total 256000K, used 33943K [0x0000000707600000, 0x0000000800000000)
  region size 1024K, 28 young (28672K), 2 survivors (2048K)
 Metaspace       used 18711K, capacity 19195K, committed 19456K, reserved 1067008K
  class space    used 2057K, capacity 2250K, committed 2304K, reserved 1048576K
}
Event: 1.474 GC heap after
{Heap after GC invocations=3 (full 0):
 garbage-first heap   total 256000K, used 8827K [0x0000000707600000, 0x0000000800000000)
  region size 1024K, 3 young (3072K), 3 survivors (3072K)
 Metaspace       used 18711K, capacity 19195K, committed 19456K, reserved 1067008K
  class space    used 2057K, capacity 2250K, committed 2304K, reserved 1048576K
}
Event: 1.626 GC heap before
{Heap before GC invocations=3 (full 0):
 garbage-first heap   total 256000K, used 27259K [0x0000000707600000, 0x0000000800000000)
  region size 1024K, 22 young (22528K), 3 survivors (3072K)
 Metaspace       used 20623K, capacity 21194K, committed 21296K, reserved 1069056K
  class space    used 2435K, capacity 2679K, committed 2688K, reserved 1048576K
}
Event: 1.633 GC heap after
{Heap after GC invocations=4 (full 0):
 garbage-first heap   total 256000K, used 9778K [0x0000000707600000, 0x0000000800000000)
  region size 1024K, 4 young (4096K), 4 survivors (4096K)
 Metaspace       used 20623K, capacity 21194K, committed 21296K, reserved 1069056K
  class space    used 2435K, capacity 2679K, committed 2688K, reserved 1048576K
}
Event: 2.514 GC heap before
{Heap before GC invocations=5 (full 0):
 garbage-first heap   total 256000K, used 109106K [0x0000000707600000, 0x0000000800000000)
  region size 1024K, 101 young (103424K), 4 survivors (4096K)
 Metaspace       used 29128K, capacity 29992K, committed 30128K, reserved 1075200K
  class space    used 3506K, capacity 3827K, committed 3840K, reserved 1048576K
}
Event: 2.525 GC heap after
{Heap after GC invocations=6 (full 0):
 garbage-first heap   total 307200K, used 13976K [0x0000000707600000, 0x0000000800000000)
  region size 1024K, 8 young (8192K), 8 survivors (8192K)
 Metaspace       used 29128K, capacity 29992K, committed 30128K, reserved 1075200K
  class space    used 3506K, capacity 3827K, committed 3840K, reserved 1048576K
}
Event: 3.228 GC heap before
{Heap before GC invocations=6 (full 0):
 garbage-first heap   total 307200K, used 125592K [0x0000000707600000, 0x0000000800000000)
  region size 1024K, 119 young (121856K), 8 survivors (8192K)
 Metaspace       used 34812K, capacity 35806K, committed 35888K, reserved 1081344K
  class space    used 4293K, capacity 4678K, committed 4736K, reserved 1048576K
}
Event: 3.248 GC heap after
{Heap after GC invocations=7 (full 0):
 garbage-first heap   total 307200K, used 18447K [0x0000000707600000, 0x0000000800000000)
  region size 1024K, 12 young (12288K), 12 survivors (12288K)
 Metaspace       used 34812K, capacity 35806K, committed 35888K, reserved 1081344K
  class space    used 4293K, capacity 4678K, committed 4736K, reserved 1048576K
}
Event: 4.576 GC heap before
{Heap before GC invocations=8 (full 0):
 garbage-first heap   total 307200K, used 189455K [0x0000000707600000, 0x0000000800000000)
  region size 1024K, 180 young (184320K), 12 survivors (12288K)
 Metaspace       used 53133K, capacity 54403K, committed 54576K, reserved 1095680K
  class space    used 6910K, capacity 7430K, committed 7552K, reserved 1048576K
}
Event: 4.596 GC heap after
{Heap after GC invocations=9 (full 0):
 garbage-first heap   total 307200K, used 28244K [0x0000000707600000, 0x0000000800000000)
  region size 1024K, 22 young (22528K), 22 survivors (22528K)
 Metaspace       used 53133K, capacity 54403K, committed 54576K, reserved 1095680K
  class space    used 6910K, capacity 7430K, committed 7552K, reserved 1048576K
}

